<?xml version="1.0" encoding="UTF-8"?>
<testsuite xmlns:xsi="http://www.w3.org/2001/XMLSchema-instance" xsi:noNamespaceSchemaLocation="https://maven.apache.org/surefire/maven-surefire-plugin/xsd/surefire-test-report-3.0.xsd" version="3.0" name="runner.TestMyRunner" time="77.275" tests="14" errors="0" skipped="0" failures="0">
  <properties>
    <property name="java.specification.version" value="22"/>
    <property name="sun.cpu.isalist" value="amd64"/>
    <property name="sun.jnu.encoding" value="Cp1252"/>
    <property name="java.class.path" value="C:\Users\AmolKshirsagar\eclipse-workspace\AK_CucumberBDDFramework\target\test-classes;C:\Users\AmolKshirsagar\eclipse-workspace\AK_CucumberBDDFramework\target\classes;C:\Users\AmolKshirsagar\.m2\repository\io\cucumber\cucumber-java\7.21.1\cucumber-java-7.21.1.jar;C:\Users\AmolKshirsagar\.m2\repository\org\apiguardian\apiguardian-api\1.1.2\apiguardian-api-1.1.2.jar;C:\Users\AmolKshirsagar\.m2\repository\io\cucumber\cucumber-core\7.21.1\cucumber-core-7.21.1.jar;C:\Users\AmolKshirsagar\.m2\repository\io\cucumber\cucumber-gherkin\7.21.1\cucumber-gherkin-7.21.1.jar;C:\Users\AmolKshirsagar\.m2\repository\io\cucumber\cucumber-gherkin-messages\7.21.1\cucumber-gherkin-messages-7.21.1.jar;C:\Users\AmolKshirsagar\.m2\repository\io\cucumber\gherkin\31.0.0\gherkin-31.0.0.jar;C:\Users\AmolKshirsagar\.m2\repository\io\cucumber\messages\27.2.0\messages-27.2.0.jar;C:\Users\AmolKshirsagar\.m2\repository\io\cucumber\testng-xml-formatter\0.3.1\testng-xml-formatter-0.3.1.jar;C:\Users\AmolKshirsagar\.m2\repository\io\cucumber\query\13.2.0\query-13.2.0.jar;C:\Users\AmolKshirsagar\.m2\repository\io\cucumber\tag-expressions\6.1.2\tag-expressions-6.1.2.jar;C:\Users\AmolKshirsagar\.m2\repository\io\cucumber\cucumber-expressions\18.0.1\cucumber-expressions-18.0.1.jar;C:\Users\AmolKshirsagar\.m2\repository\io\cucumber\datatable\7.21.1\datatable-7.21.1.jar;C:\Users\AmolKshirsagar\.m2\repository\io\cucumber\cucumber-plugin\7.21.1\cucumber-plugin-7.21.1.jar;C:\Users\AmolKshirsagar\.m2\repository\io\cucumber\docstring\7.21.1\docstring-7.21.1.jar;C:\Users\AmolKshirsagar\.m2\repository\io\cucumber\html-formatter\21.9.0\html-formatter-21.9.0.jar;C:\Users\AmolKshirsagar\.m2\repository\io\cucumber\junit-xml-formatter\0.7.1\junit-xml-formatter-0.7.1.jar;C:\Users\AmolKshirsagar\.m2\repository\io\cucumber\ci-environment\10.0.1\ci-environment-10.0.1.jar;C:\Users\AmolKshirsagar\.m2\repository\io\cucumber\cucumber-junit\7.21.1\cucumber-junit-7.21.1.jar;C:\Users\AmolKshirsagar\.m2\repository\junit\junit\4.13.2\junit-4.13.2.jar;C:\Users\AmolKshirsagar\.m2\repository\org\hamcrest\hamcrest-core\1.3\hamcrest-core-1.3.jar;C:\Users\AmolKshirsagar\.m2\repository\org\seleniumhq\selenium\selenium-java\4.29.0\selenium-java-4.29.0.jar;C:\Users\AmolKshirsagar\.m2\repository\org\seleniumhq\selenium\selenium-api\4.29.0\selenium-api-4.29.0.jar;C:\Users\AmolKshirsagar\.m2\repository\org\jspecify\jspecify\1.0.0\jspecify-1.0.0.jar;C:\Users\AmolKshirsagar\.m2\repository\org\seleniumhq\selenium\selenium-chrome-driver\4.29.0\selenium-chrome-driver-4.29.0.jar;C:\Users\AmolKshirsagar\.m2\repository\com\google\auto\service\auto-service-annotations\1.1.1\auto-service-annotations-1.1.1.jar;C:\Users\AmolKshirsagar\.m2\repository\org\seleniumhq\selenium\selenium-chromium-driver\4.29.0\selenium-chromium-driver-4.29.0.jar;C:\Users\AmolKshirsagar\.m2\repository\org\seleniumhq\selenium\selenium-json\4.29.0\selenium-json-4.29.0.jar;C:\Users\AmolKshirsagar\.m2\repository\org\seleniumhq\selenium\selenium-manager\4.29.0\selenium-manager-4.29.0.jar;C:\Users\AmolKshirsagar\.m2\repository\org\seleniumhq\selenium\selenium-devtools-v131\4.29.0\selenium-devtools-v131-4.29.0.jar;C:\Users\AmolKshirsagar\.m2\repository\org\seleniumhq\selenium\selenium-devtools-v132\4.29.0\selenium-devtools-v132-4.29.0.jar;C:\Users\AmolKshirsagar\.m2\repository\org\seleniumhq\selenium\selenium-devtools-v133\4.29.0\selenium-devtools-v133-4.29.0.jar;C:\Users\AmolKshirsagar\.m2\repository\org\seleniumhq\selenium\selenium-devtools-v85\4.29.0\selenium-devtools-v85-4.29.0.jar;C:\Users\AmolKshirsagar\.m2\repository\org\seleniumhq\selenium\selenium-edge-driver\4.29.0\selenium-edge-driver-4.29.0.jar;C:\Users\AmolKshirsagar\.m2\repository\org\seleniumhq\selenium\selenium-firefox-driver\4.29.0\selenium-firefox-driver-4.29.0.jar;C:\Users\AmolKshirsagar\.m2\repository\org\seleniumhq\selenium\selenium-http\4.29.0\selenium-http-4.29.0.jar;C:\Users\AmolKshirsagar\.m2\repository\org\seleniumhq\selenium\selenium-ie-driver\4.29.0\selenium-ie-driver-4.29.0.jar;C:\Users\AmolKshirsagar\.m2\repository\org\seleniumhq\selenium\selenium-remote-driver\4.29.0\selenium-remote-driver-4.29.0.jar;C:\Users\AmolKshirsagar\.m2\repository\com\google\guava\guava\33.4.0-jre\guava-33.4.0-jre.jar;C:\Users\AmolKshirsagar\.m2\repository\com\google\guava\failureaccess\1.0.2\failureaccess-1.0.2.jar;C:\Users\AmolKshirsagar\.m2\repository\com\google\guava\listenablefuture\9999.0-empty-to-avoid-conflict-with-guava\listenablefuture-9999.0-empty-to-avoid-conflict-with-guava.jar;C:\Users\AmolKshirsagar\.m2\repository\com\google\code\findbugs\jsr305\3.0.2\jsr305-3.0.2.jar;C:\Users\AmolKshirsagar\.m2\repository\org\checkerframework\checker-qual\3.43.0\checker-qual-3.43.0.jar;C:\Users\AmolKshirsagar\.m2\repository\com\google\errorprone\error_prone_annotations\2.36.0\error_prone_annotations-2.36.0.jar;C:\Users\AmolKshirsagar\.m2\repository\com\google\j2objc\j2objc-annotations\3.0.0\j2objc-annotations-3.0.0.jar;C:\Users\AmolKshirsagar\.m2\repository\io\opentelemetry\semconv\opentelemetry-semconv\1.28.0-alpha\opentelemetry-semconv-1.28.0-alpha.jar;C:\Users\AmolKshirsagar\.m2\repository\io\opentelemetry\opentelemetry-api\1.46.0\opentelemetry-api-1.46.0.jar;C:\Users\AmolKshirsagar\.m2\repository\io\opentelemetry\opentelemetry-context\1.46.0\opentelemetry-context-1.46.0.jar;C:\Users\AmolKshirsagar\.m2\repository\io\opentelemetry\opentelemetry-exporter-logging\1.46.0\opentelemetry-exporter-logging-1.46.0.jar;C:\Users\AmolKshirsagar\.m2\repository\io\opentelemetry\opentelemetry-sdk-common\1.46.0\opentelemetry-sdk-common-1.46.0.jar;C:\Users\AmolKshirsagar\.m2\repository\io\opentelemetry\opentelemetry-sdk-extension-autoconfigure-spi\1.46.0\opentelemetry-sdk-extension-autoconfigure-spi-1.46.0.jar;C:\Users\AmolKshirsagar\.m2\repository\io\opentelemetry\opentelemetry-sdk-extension-autoconfigure\1.46.0\opentelemetry-sdk-extension-autoconfigure-1.46.0.jar;C:\Users\AmolKshirsagar\.m2\repository\io\opentelemetry\opentelemetry-api-incubator\1.46.0-alpha\opentelemetry-api-incubator-1.46.0-alpha.jar;C:\Users\AmolKshirsagar\.m2\repository\io\opentelemetry\opentelemetry-sdk-trace\1.46.0\opentelemetry-sdk-trace-1.46.0.jar;C:\Users\AmolKshirsagar\.m2\repository\io\opentelemetry\opentelemetry-sdk\1.46.0\opentelemetry-sdk-1.46.0.jar;C:\Users\AmolKshirsagar\.m2\repository\io\opentelemetry\opentelemetry-sdk-metrics\1.46.0\opentelemetry-sdk-metrics-1.46.0.jar;C:\Users\AmolKshirsagar\.m2\repository\io\opentelemetry\opentelemetry-sdk-logs\1.46.0\opentelemetry-sdk-logs-1.46.0.jar;C:\Users\AmolKshirsagar\.m2\repository\net\bytebuddy\byte-buddy\1.15.11\byte-buddy-1.15.11.jar;C:\Users\AmolKshirsagar\.m2\repository\org\seleniumhq\selenium\selenium-os\4.29.0\selenium-os-4.29.0.jar;C:\Users\AmolKshirsagar\.m2\repository\org\apache\commons\commons-exec\1.4.0\commons-exec-1.4.0.jar;C:\Users\AmolKshirsagar\.m2\repository\org\seleniumhq\selenium\selenium-safari-driver\4.29.0\selenium-safari-driver-4.29.0.jar;C:\Users\AmolKshirsagar\.m2\repository\org\seleniumhq\selenium\selenium-support\4.29.0\selenium-support-4.29.0.jar;"/>
    <property name="java.vm.vendor" value="Oracle Corporation"/>
    <property name="sun.arch.data.model" value="64"/>
    <property name="user.variant" value=""/>
    <property name="java.vendor.url" value="https://java.oracle.com/"/>
    <property name="user.timezone" value="Asia/Calcutta"/>
    <property name="os.name" value="Windows 11"/>
    <property name="java.vm.specification.version" value="22"/>
    <property name="sun.java.launcher" value="SUN_STANDARD"/>
    <property name="user.country" value="IN"/>
    <property name="sun.boot.library.path" value="C:\Program Files\Java\jdk-22\bin"/>
    <property name="sun.java.command" value="C:\Users\AmolKshirsagar\AppData\Local\Temp\surefire1212002790661185500\surefirebooter-20250329155132082_3.jar C:\Users\AmolKshirsagar\AppData\Local\Temp\surefire1212002790661185500 2025-03-29T15-51-31_946-jvmRun1 surefire-20250329155132082_1tmp surefire_0-20250329155132082_2tmp"/>
    <property name="jdk.debug" value="release"/>
    <property name="surefire.test.class.path" value="C:\Users\AmolKshirsagar\eclipse-workspace\AK_CucumberBDDFramework\target\test-classes;C:\Users\AmolKshirsagar\eclipse-workspace\AK_CucumberBDDFramework\target\classes;C:\Users\AmolKshirsagar\.m2\repository\io\cucumber\cucumber-java\7.21.1\cucumber-java-7.21.1.jar;C:\Users\AmolKshirsagar\.m2\repository\org\apiguardian\apiguardian-api\1.1.2\apiguardian-api-1.1.2.jar;C:\Users\AmolKshirsagar\.m2\repository\io\cucumber\cucumber-core\7.21.1\cucumber-core-7.21.1.jar;C:\Users\AmolKshirsagar\.m2\repository\io\cucumber\cucumber-gherkin\7.21.1\cucumber-gherkin-7.21.1.jar;C:\Users\AmolKshirsagar\.m2\repository\io\cucumber\cucumber-gherkin-messages\7.21.1\cucumber-gherkin-messages-7.21.1.jar;C:\Users\AmolKshirsagar\.m2\repository\io\cucumber\gherkin\31.0.0\gherkin-31.0.0.jar;C:\Users\AmolKshirsagar\.m2\repository\io\cucumber\messages\27.2.0\messages-27.2.0.jar;C:\Users\AmolKshirsagar\.m2\repository\io\cucumber\testng-xml-formatter\0.3.1\testng-xml-formatter-0.3.1.jar;C:\Users\AmolKshirsagar\.m2\repository\io\cucumber\query\13.2.0\query-13.2.0.jar;C:\Users\AmolKshirsagar\.m2\repository\io\cucumber\tag-expressions\6.1.2\tag-expressions-6.1.2.jar;C:\Users\AmolKshirsagar\.m2\repository\io\cucumber\cucumber-expressions\18.0.1\cucumber-expressions-18.0.1.jar;C:\Users\AmolKshirsagar\.m2\repository\io\cucumber\datatable\7.21.1\datatable-7.21.1.jar;C:\Users\AmolKshirsagar\.m2\repository\io\cucumber\cucumber-plugin\7.21.1\cucumber-plugin-7.21.1.jar;C:\Users\AmolKshirsagar\.m2\repository\io\cucumber\docstring\7.21.1\docstring-7.21.1.jar;C:\Users\AmolKshirsagar\.m2\repository\io\cucumber\html-formatter\21.9.0\html-formatter-21.9.0.jar;C:\Users\AmolKshirsagar\.m2\repository\io\cucumber\junit-xml-formatter\0.7.1\junit-xml-formatter-0.7.1.jar;C:\Users\AmolKshirsagar\.m2\repository\io\cucumber\ci-environment\10.0.1\ci-environment-10.0.1.jar;C:\Users\AmolKshirsagar\.m2\repository\io\cucumber\cucumber-junit\7.21.1\cucumber-junit-7.21.1.jar;C:\Users\AmolKshirsagar\.m2\repository\junit\junit\4.13.2\junit-4.13.2.jar;C:\Users\AmolKshirsagar\.m2\repository\org\hamcrest\hamcrest-core\1.3\hamcrest-core-1.3.jar;C:\Users\AmolKshirsagar\.m2\repository\org\seleniumhq\selenium\selenium-java\4.29.0\selenium-java-4.29.0.jar;C:\Users\AmolKshirsagar\.m2\repository\org\seleniumhq\selenium\selenium-api\4.29.0\selenium-api-4.29.0.jar;C:\Users\AmolKshirsagar\.m2\repository\org\jspecify\jspecify\1.0.0\jspecify-1.0.0.jar;C:\Users\AmolKshirsagar\.m2\repository\org\seleniumhq\selenium\selenium-chrome-driver\4.29.0\selenium-chrome-driver-4.29.0.jar;C:\Users\AmolKshirsagar\.m2\repository\com\google\auto\service\auto-service-annotations\1.1.1\auto-service-annotations-1.1.1.jar;C:\Users\AmolKshirsagar\.m2\repository\org\seleniumhq\selenium\selenium-chromium-driver\4.29.0\selenium-chromium-driver-4.29.0.jar;C:\Users\AmolKshirsagar\.m2\repository\org\seleniumhq\selenium\selenium-json\4.29.0\selenium-json-4.29.0.jar;C:\Users\AmolKshirsagar\.m2\repository\org\seleniumhq\selenium\selenium-manager\4.29.0\selenium-manager-4.29.0.jar;C:\Users\AmolKshirsagar\.m2\repository\org\seleniumhq\selenium\selenium-devtools-v131\4.29.0\selenium-devtools-v131-4.29.0.jar;C:\Users\AmolKshirsagar\.m2\repository\org\seleniumhq\selenium\selenium-devtools-v132\4.29.0\selenium-devtools-v132-4.29.0.jar;C:\Users\AmolKshirsagar\.m2\repository\org\seleniumhq\selenium\selenium-devtools-v133\4.29.0\selenium-devtools-v133-4.29.0.jar;C:\Users\AmolKshirsagar\.m2\repository\org\seleniumhq\selenium\selenium-devtools-v85\4.29.0\selenium-devtools-v85-4.29.0.jar;C:\Users\AmolKshirsagar\.m2\repository\org\seleniumhq\selenium\selenium-edge-driver\4.29.0\selenium-edge-driver-4.29.0.jar;C:\Users\AmolKshirsagar\.m2\repository\org\seleniumhq\selenium\selenium-firefox-driver\4.29.0\selenium-firefox-driver-4.29.0.jar;C:\Users\AmolKshirsagar\.m2\repository\org\seleniumhq\selenium\selenium-http\4.29.0\selenium-http-4.29.0.jar;C:\Users\AmolKshirsagar\.m2\repository\org\seleniumhq\selenium\selenium-ie-driver\4.29.0\selenium-ie-driver-4.29.0.jar;C:\Users\AmolKshirsagar\.m2\repository\org\seleniumhq\selenium\selenium-remote-driver\4.29.0\selenium-remote-driver-4.29.0.jar;C:\Users\AmolKshirsagar\.m2\repository\com\google\guava\guava\33.4.0-jre\guava-33.4.0-jre.jar;C:\Users\AmolKshirsagar\.m2\repository\com\google\guava\failureaccess\1.0.2\failureaccess-1.0.2.jar;C:\Users\AmolKshirsagar\.m2\repository\com\google\guava\listenablefuture\9999.0-empty-to-avoid-conflict-with-guava\listenablefuture-9999.0-empty-to-avoid-conflict-with-guava.jar;C:\Users\AmolKshirsagar\.m2\repository\com\google\code\findbugs\jsr305\3.0.2\jsr305-3.0.2.jar;C:\Users\AmolKshirsagar\.m2\repository\org\checkerframework\checker-qual\3.43.0\checker-qual-3.43.0.jar;C:\Users\AmolKshirsagar\.m2\repository\com\google\errorprone\error_prone_annotations\2.36.0\error_prone_annotations-2.36.0.jar;C:\Users\AmolKshirsagar\.m2\repository\com\google\j2objc\j2objc-annotations\3.0.0\j2objc-annotations-3.0.0.jar;C:\Users\AmolKshirsagar\.m2\repository\io\opentelemetry\semconv\opentelemetry-semconv\1.28.0-alpha\opentelemetry-semconv-1.28.0-alpha.jar;C:\Users\AmolKshirsagar\.m2\repository\io\opentelemetry\opentelemetry-api\1.46.0\opentelemetry-api-1.46.0.jar;C:\Users\AmolKshirsagar\.m2\repository\io\opentelemetry\opentelemetry-context\1.46.0\opentelemetry-context-1.46.0.jar;C:\Users\AmolKshirsagar\.m2\repository\io\opentelemetry\opentelemetry-exporter-logging\1.46.0\opentelemetry-exporter-logging-1.46.0.jar;C:\Users\AmolKshirsagar\.m2\repository\io\opentelemetry\opentelemetry-sdk-common\1.46.0\opentelemetry-sdk-common-1.46.0.jar;C:\Users\AmolKshirsagar\.m2\repository\io\opentelemetry\opentelemetry-sdk-extension-autoconfigure-spi\1.46.0\opentelemetry-sdk-extension-autoconfigure-spi-1.46.0.jar;C:\Users\AmolKshirsagar\.m2\repository\io\opentelemetry\opentelemetry-sdk-extension-autoconfigure\1.46.0\opentelemetry-sdk-extension-autoconfigure-1.46.0.jar;C:\Users\AmolKshirsagar\.m2\repository\io\opentelemetry\opentelemetry-api-incubator\1.46.0-alpha\opentelemetry-api-incubator-1.46.0-alpha.jar;C:\Users\AmolKshirsagar\.m2\repository\io\opentelemetry\opentelemetry-sdk-trace\1.46.0\opentelemetry-sdk-trace-1.46.0.jar;C:\Users\AmolKshirsagar\.m2\repository\io\opentelemetry\opentelemetry-sdk\1.46.0\opentelemetry-sdk-1.46.0.jar;C:\Users\AmolKshirsagar\.m2\repository\io\opentelemetry\opentelemetry-sdk-metrics\1.46.0\opentelemetry-sdk-metrics-1.46.0.jar;C:\Users\AmolKshirsagar\.m2\repository\io\opentelemetry\opentelemetry-sdk-logs\1.46.0\opentelemetry-sdk-logs-1.46.0.jar;C:\Users\AmolKshirsagar\.m2\repository\net\bytebuddy\byte-buddy\1.15.11\byte-buddy-1.15.11.jar;C:\Users\AmolKshirsagar\.m2\repository\org\seleniumhq\selenium\selenium-os\4.29.0\selenium-os-4.29.0.jar;C:\Users\AmolKshirsagar\.m2\repository\org\apache\commons\commons-exec\1.4.0\commons-exec-1.4.0.jar;C:\Users\AmolKshirsagar\.m2\repository\org\seleniumhq\selenium\selenium-safari-driver\4.29.0\selenium-safari-driver-4.29.0.jar;C:\Users\AmolKshirsagar\.m2\repository\org\seleniumhq\selenium\selenium-support\4.29.0\selenium-support-4.29.0.jar;"/>
    <property name="sun.cpu.endian" value="little"/>
    <property name="user.home" value="C:\Users\AmolKshirsagar"/>
    <property name="user.language" value="en"/>
    <property name="java.specification.vendor" value="Oracle Corporation"/>
    <property name="java.version.date" value="2024-04-16"/>
    <property name="java.home" value="C:\Program Files\Java\jdk-22"/>
    <property name="file.separator" value="\"/>
    <property name="basedir" value="C:\Users\AmolKshirsagar\eclipse-workspace\AK_CucumberBDDFramework"/>
    <property name="java.vm.compressedOopsMode" value="Zero based"/>
    <property name="line.separator" value="&#10;"/>
    <property name="java.vm.specification.vendor" value="Oracle Corporation"/>
    <property name="java.specification.name" value="Java Platform API Specification"/>
    <property name="surefire.real.class.path" value="C:\Users\AmolKshirsagar\AppData\Local\Temp\surefire1212002790661185500\surefirebooter-20250329155132082_3.jar"/>
    <property name="user.script" value=""/>
    <property name="sun.management.compiler" value="HotSpot 64-Bit Tiered Compilers"/>
    <property name="java.runtime.version" value="22.0.1+8-16"/>
    <property name="user.name" value="AmolKshirsagar"/>
    <property name="stdout.encoding" value="Cp1252"/>
    <property name="path.separator" value=";"/>
    <property name="os.version" value="10.0"/>
    <property name="java.runtime.name" value="Java(TM) SE Runtime Environment"/>
    <property name="file.encoding" value="UTF-8"/>
    <property name="java.vm.name" value="Java HotSpot(TM) 64-Bit Server VM"/>
    <property name="localRepository" value="C:\Users\AmolKshirsagar\.m2\repository"/>
    <property name="java.vendor.url.bug" value="https://bugreport.java.com/bugreport/"/>
    <property name="java.io.tmpdir" value="C:\Users\AMOLKS~1\AppData\Local\Temp\"/>
    <property name="java.version" value="22.0.1"/>
    <property name="user.dir" value="C:\Users\AmolKshirsagar\eclipse-workspace\AK_CucumberBDDFramework"/>
    <property name="os.arch" value="amd64"/>
    <property name="java.vm.specification.name" value="Java Virtual Machine Specification"/>
    <property name="sun.os.patch.level" value=""/>
    <property name="native.encoding" value="Cp1252"/>
    <property name="java.library.path" value="C:\Program Files\Java\jdk-22\bin;C:\windows\Sun\Java\bin;C:\windows\system32;C:\windows;C:\Program Files\apache-maven-3.9.8-bin\apache-maven-3.9.8/bin;C:\Program Files\Java\jdk-22/bin;C:\Program Files\Java\jdk-22/bin;C:\Program Files\Common Files\Oracle\Java\javapath;C:\windows\system32;C:\windows;C:\windows\System32\Wbem;C:\windows\System32\WindowsPowerShell\v1.0\;C:\windows\System32\OpenSSH\;C:\Program Files\Java\jdk-22\bin;C:\Program Files\apache-maven-3.9.8-bin\apache-maven-3.9.8\bin;C:\Program Files\Git\cmd;C:\Users\AmolKshirsagar\AppData\Local\Microsoft\WindowsApps;C:\Users\AmolKshirsagar\AppData\Local\Programs\Microsoft VS Code\bin;."/>
    <property name="java.vm.info" value="mixed mode, sharing"/>
    <property name="stderr.encoding" value="Cp1252"/>
    <property name="java.vendor" value="Oracle Corporation"/>
    <property name="java.vm.version" value="22.0.1+8-16"/>
    <property name="sun.io.unicode.encoding" value="UnicodeLittle"/>
    <property name="java.class.version" value="66.0"/>
  </properties>
  <testcase name="Login with valid credentials #1" classname="Login Functionality" time="5.402">
    <system-out><![CDATA[
Scenario Outline: Login with valid credentials                       # src/test/resource/features/LoginApp.feature:11
  Given User has navigated to login page                             # stepDefination.LoginApp.user_has_navigated_to_login_page()
  When User enters valid email address akk@test.com into email field # stepDefination.LoginApp.user_enters_valid_email_address_into_email_field(java.lang.String)
  And User enters valid password address ak123 into password field   # stepDefination.LoginApp.user_enters_valid_password_address_into_password_field(java.lang.String)
  And User clicks on login button                                    # stepDefination.LoginApp.user_clicks_on_login_button()
  Then User should get successfully logged in                        # stepDefination.LoginApp.user_should_get_successfully_logged_in()
]]></system-out>
    <system-err><![CDATA[Mar 29, 2025 3:51:35 PM org.openqa.selenium.devtools.CdpVersionFinder findNearestMatch
WARNING: Unable to find an exact match for CDP version 134, returning the closest version; found: 133; Please update to a Selenium version that supports CDP version 134
]]></system-err>
  </testcase>
  <testcase name="Login with valid credentials #2" classname="Login Functionality" time="8.635">
    <system-out><![CDATA[
Scenario Outline: Login with valid credentials                           # src/test/resource/features/LoginApp.feature:12
  Given User has navigated to login page                                 # stepDefination.LoginApp.user_has_navigated_to_login_page()
  When User enters valid email address virat@sharma.com into email field # stepDefination.LoginApp.user_enters_valid_email_address_into_email_field(java.lang.String)
  And User enters valid password address 12345 into password field       # stepDefination.LoginApp.user_enters_valid_password_address_into_password_field(java.lang.String)
  And User clicks on login button                                        # stepDefination.LoginApp.user_clicks_on_login_button()
  Then User should get successfully logged in                            # stepDefination.LoginApp.user_should_get_successfully_logged_in()
]]></system-out>
    <system-err><![CDATA[Mar 29, 2025 3:51:39 PM org.openqa.selenium.devtools.CdpVersionFinder findNearestMatch
WARNING: Unable to find an exact match for CDP version 134, returning the closest version; found: 133; Please update to a Selenium version that supports CDP version 134
]]></system-err>
  </testcase>
  <testcase name="Login with invalid credentials" classname="Login Functionality" time="8.031">
    <system-out><![CDATA[
Scenario: Login with invalid credentials                                 # src/test/resource/features/LoginApp.feature:16
  Given User has navigated to login page                                 # stepDefination.LoginApp.user_has_navigated_to_login_page()
  When User enters invalid email address into email field                # stepDefination.LoginApp.user_enters_invalid_email_address_into_email_field()
  And User enters invalid password address "ak12345" into password field # stepDefination.LoginApp.user_enters_invalid_password_address_into_password_field(java.lang.String)
  And User clicks on login button                                        # stepDefination.LoginApp.user_clicks_on_login_button()
  Then User should get proper warning message about credentials mismatch # stepDefination.LoginApp.user_should_get_proper_warning_message_about_credentials_mismatch()
]]></system-out>
    <system-err><![CDATA[Mar 29, 2025 3:51:48 PM org.openqa.selenium.devtools.CdpVersionFinder findNearestMatch
WARNING: Unable to find an exact match for CDP version 134, returning the closest version; found: 133; Please update to a Selenium version that supports CDP version 134
]]></system-err>
  </testcase>
  <testcase name="Login with valid email and invalid password" classname="Login Functionality" time="5.198">
    <system-out><![CDATA[
Scenario: Login with valid email and invalid password                    # src/test/resource/features/LoginApp.feature:23
  Given User has navigated to login page                                 # stepDefination.LoginApp.user_has_navigated_to_login_page()
  When User enters valid email address "akk@test.com" into email field   # stepDefination.LoginApp.user_enters_valid_email_address_into_email_field(java.lang.String)
  And User enters invalid password address "ak12345" into password field # stepDefination.LoginApp.user_enters_invalid_password_address_into_password_field(java.lang.String)
  And User clicks on login button                                        # stepDefination.LoginApp.user_clicks_on_login_button()
  Then User should get proper warning message about credentials mismatch # stepDefination.LoginApp.user_should_get_proper_warning_message_about_credentials_mismatch()
]]></system-out>
    <system-err><![CDATA[Mar 29, 2025 3:51:56 PM org.openqa.selenium.devtools.CdpVersionFinder findNearestMatch
WARNING: Unable to find an exact match for CDP version 134, returning the closest version; found: 133; Please update to a Selenium version that supports CDP version 134
]]></system-err>
  </testcase>
  <testcase name="Login with invalid email and valid password" classname="Login Functionality" time="5.634">
    <system-out><![CDATA[
Scenario: Login with invalid email and valid password                    # src/test/resource/features/LoginApp.feature:30
  Given User has navigated to login page                                 # stepDefination.LoginApp.user_has_navigated_to_login_page()
  When User enters invalid email address into email field                # stepDefination.LoginApp.user_enters_invalid_email_address_into_email_field()
  And User enters valid password address "ak123" into password field     # stepDefination.LoginApp.user_enters_valid_password_address_into_password_field(java.lang.String)
  And User clicks on login button                                        # stepDefination.LoginApp.user_clicks_on_login_button()
  Then User should get proper warning message about credentials mismatch # stepDefination.LoginApp.user_should_get_proper_warning_message_about_credentials_mismatch()
]]></system-out>
    <system-err><![CDATA[Mar 29, 2025 3:52:01 PM org.openqa.selenium.devtools.CdpVersionFinder findNearestMatch
WARNING: Unable to find an exact match for CDP version 134, returning the closest version; found: 133; Please update to a Selenium version that supports CDP version 134
]]></system-err>
  </testcase>
  <testcase name="Login without providing any credentials" classname="Login Functionality" time="3.849">
    <system-out><![CDATA[
Scenario: Login without providing any credentials                        # src/test/resource/features/LoginApp.feature:37
  Given User has navigated to login page                                 # stepDefination.LoginApp.user_has_navigated_to_login_page()
  When User dont enter email into email field                            # stepDefination.LoginApp.user_dont_enter_email_into_email_field()
  And User dont enter password into password field                       # stepDefination.LoginApp.user_dont_enter_password_into_password_field()
  And User clicks on login button                                        # stepDefination.LoginApp.user_clicks_on_login_button()
  Then User should get proper warning message about credentials mismatch # stepDefination.LoginApp.user_should_get_proper_warning_message_about_credentials_mismatch()
]]></system-out>
    <system-err><![CDATA[Mar 29, 2025 3:52:06 PM org.openqa.selenium.devtools.CdpVersionFinder findNearestMatch
WARNING: Unable to find an exact match for CDP version 134, returning the closest version; found: 133; Please update to a Selenium version that supports CDP version 134
]]></system-err>
  </testcase>
  <testcase name="Verify if user is able to place the order" classname="End to End scenario for placing order" time="12.601">
    <system-out><![CDATA[
Scenario: Verify if user is able to place the order                     # src/test/resource/features/OrderApp.feature:3
  Given User login to the application                                   # stepDefination.OrderApp.user_login_to_the_application()
  When User enters valid email address "akk@test.com" into email field. # stepDefination.OrderApp.user_enters_valid_email_address_into_email_field(java.lang.String)
  And User enters valid password address "ak123" into password field.   # stepDefination.OrderApp.user_enters_valid_password_address_into_password_field(java.lang.String)
  And User clicks on login button.                                      # stepDefination.OrderApp.user_clicks_on_login_button()
  When User add a product "HP LP3065" to a bag and checkout             # stepDefination.OrderApp.user_add_a_product_to_a_bag_and_checkout(java.lang.String)
  And User place an order                                               # stepDefination.OrderApp.user_place_an_order()
  Then User should see the order placed successfully                    # stepDefination.OrderApp.user_should_see_the_order_placed_successfully()
]]></system-out>
    <system-err><![CDATA[Mar 29, 2025 3:52:10 PM org.openqa.selenium.devtools.CdpVersionFinder findNearestMatch
WARNING: Unable to find an exact match for CDP version 134, returning the closest version; found: 133; Please update to a Selenium version that supports CDP version 134
]]></system-err>
  </testcase>
  <testcase name="User creates account only with mandotary fields" classname="Registartion functionality" time="4.342">
    <system-out><![CDATA[
Scenario: User creates account only with mandotary fields # src/test/resource/features/RegisterApp.feature:3
  Given User navigates to Register Account page           # stepDefination.RegisterApp.user_navigates_to_register_account_page()
  When User enters details in below fields                # stepDefination.RegisterApp.user_enters_details_in_below_fields(io.cucumber.datatable.DataTable)
    | firstName | Virat      |
    | lastName  | Sharma     |
    | telephone | 1234567890 |
    | password  | 12345      |
  And User select Provacy Policy                          # stepDefination.RegisterApp.user_select_provacy_policy()
  And User clicks on Continue button                      # stepDefination.RegisterApp.user_clicks_on_continue_button()
  Then User account should get created successfully       # stepDefination.RegisterApp.user_account_should_get_created_successfully()
]]></system-out>
    <system-err><![CDATA[Mar 29, 2025 3:52:23 PM org.openqa.selenium.devtools.CdpVersionFinder findNearestMatch
WARNING: Unable to find an exact match for CDP version 134, returning the closest version; found: 133; Please update to a Selenium version that supports CDP version 134
]]></system-err>
  </testcase>
  <testcase name="User creates account only with all fields" classname="Registartion functionality" time="4.515">
    <system-out><![CDATA[
Scenario: User creates account only with all fields # src/test/resource/features/RegisterApp.feature:15
  Given User navigates to Register Account page     # stepDefination.RegisterApp.user_navigates_to_register_account_page()
  When User enters details in below fields          # stepDefination.RegisterApp.user_enters_details_in_below_fields(io.cucumber.datatable.DataTable)
    | firstName | Virat      |
    | lastName  | Sharma     |
    | telephone | 1234567890 |
    | password  | 12345      |
  And User selects Yes for Newsletter               # stepDefination.RegisterApp.user_selects_yes_for_newsletter()
  And User select Provacy Policy                    # stepDefination.RegisterApp.user_select_provacy_policy()
  And User clicks on Continue button                # stepDefination.RegisterApp.user_clicks_on_continue_button()
  Then User account should get created successfully # stepDefination.RegisterApp.user_account_should_get_created_successfully()
]]></system-out>
    <system-err><![CDATA[Mar 29, 2025 3:52:27 PM org.openqa.selenium.devtools.CdpVersionFinder findNearestMatch
WARNING: Unable to find an exact match for CDP version 134, returning the closest version; found: 133; Please update to a Selenium version that supports CDP version 134
]]></system-err>
  </testcase>
  <testcase name="User creates duplicate account" classname="Registartion functionality" time="4.336">
    <system-out><![CDATA[
Scenario: User creates duplicate account                        # src/test/resource/features/RegisterApp.feature:28
  Given User navigates to Register Account page                 # stepDefination.RegisterApp.user_navigates_to_register_account_page()
  When User enters details in below fields with duplicate email # stepDefination.RegisterApp.User_enters_details_in_below_fields_with_duplicate_email(io.cucumber.datatable.DataTable)
    | firstName | Virat            |
    | lastName  | Sharma           |
    | email     | virat@sharma.com |
    | telephone | 1234567890       |
    | password  | 12345            |
  And User selects Yes for Newsletter                           # stepDefination.RegisterApp.user_selects_yes_for_newsletter()
  And User select Provacy Policy                                # stepDefination.RegisterApp.user_select_provacy_policy()
  And User clicks on Continue button                            # stepDefination.RegisterApp.user_clicks_on_continue_button()
  Then User should get proper warning about duplicate email     # stepDefination.RegisterApp.user_should_get_proper_warning_about_duplicate_email()
]]></system-out>
    <system-err><![CDATA[Mar 29, 2025 3:52:32 PM org.openqa.selenium.devtools.CdpVersionFinder findNearestMatch
WARNING: Unable to find an exact match for CDP version 134, returning the closest version; found: 133; Please update to a Selenium version that supports CDP version 134
]]></system-err>
  </testcase>
  <testcase name="User creates account without filling any details" classname="Registartion functionality" time="3.578">
    <system-out><![CDATA[
Scenario: User creates account without filling any details               # src/test/resource/features/RegisterApp.feature:43
  Given User navigates to Register Account page                          # stepDefination.RegisterApp.user_navigates_to_register_account_page()
  When User dont enters any details into fields                          # stepDefination.RegisterApp.user_dont_enters_any_details_into_fields()
  And User clicks on Continue button                                     # stepDefination.RegisterApp.user_clicks_on_continue_button()
  Then User should get proper warning message for every mandatory fields # stepDefination.RegisterApp.user_should_get_proper_warning_message_for_every_mandatory_fields()
]]></system-out>
    <system-err><![CDATA[Mar 29, 2025 3:52:36 PM org.openqa.selenium.devtools.CdpVersionFinder findNearestMatch
WARNING: Unable to find an exact match for CDP version 134, returning the closest version; found: 133; Please update to a Selenium version that supports CDP version 134
]]></system-err>
  </testcase>
  <testcase name="User searches for valid product" classname="Search Functionality" time="3.123">
    <system-out><![CDATA[
Scenario: User searches for valid product                        # src/test/resource/features/SearchApp.feature:3
  Given User opens the application                               # stepDefination.SearchApp.user_opens_the_application()
  When User enters valid product "HP" into search box field      # stepDefination.SearchApp.user_enters_valid_product_into_search_box_field(java.lang.String)
  And User clicks on Search button                               # stepDefination.SearchApp.user_clicks_on_search_button()
  Then User should get valid product displayed in search results # stepDefination.SearchApp.user_should_get_valid_product_displayed_in_search_results()
]]></system-out>
    <system-err><![CDATA[Mar 29, 2025 3:52:40 PM org.openqa.selenium.devtools.CdpVersionFinder findNearestMatch
WARNING: Unable to find an exact match for CDP version 134, returning the closest version; found: 133; Please update to a Selenium version that supports CDP version 134
]]></system-err>
  </testcase>
  <testcase name="User searches for an invalid product" classname="Search Functionality" time="2.748">
    <system-out><![CDATA[
Scenario: User searches for an invalid product                   # src/test/resource/features/SearchApp.feature:10
  Given User opens the application                               # stepDefination.SearchApp.user_opens_the_application()
  When User enters invalid product "Honda" into search box field # stepDefination.SearchApp.user_enters_invalid_product_into_search_box_field(java.lang.String)
  And User clicks on Search button                               # stepDefination.SearchApp.user_clicks_on_search_button()
  Then User should get message about no product matching         # stepDefination.SearchApp.user_should_get_message_about_no_product_matching()
]]></system-out>
    <system-err><![CDATA[Mar 29, 2025 3:52:43 PM org.openqa.selenium.devtools.CdpVersionFinder findNearestMatch
WARNING: Unable to find an exact match for CDP version 134, returning the closest version; found: 133; Please update to a Selenium version that supports CDP version 134
]]></system-err>
  </testcase>
  <testcase name="User searches without any product" classname="Search Functionality" time="2.618">
    <system-out><![CDATA[
Scenario: User searches without any product               # src/test/resource/features/SearchApp.feature:17
  Given User opens the application                        # stepDefination.SearchApp.user_opens_the_application()
  When User dont enters any product into search box field # stepDefination.SearchApp.user_dont_enters_any_product_into_search_box_field()
  And User clicks on Search button                        # stepDefination.SearchApp.user_clicks_on_search_button()
  Then User should get message about no product matching  # stepDefination.SearchApp.user_should_get_message_about_no_product_matching()
]]></system-out>
    <system-err><![CDATA[Mar 29, 2025 3:52:46 PM org.openqa.selenium.devtools.CdpVersionFinder findNearestMatch
WARNING: Unable to find an exact match for CDP version 134, returning the closest version; found: 133; Please update to a Selenium version that supports CDP version 134
]]></system-err>
  </testcase>
</testsuite>